<?xml version="1.0" encoding="UTF-8"?>
<coverage generated="1697406761229" clover="3.2.0">
  <project timestamp="1697406761229" name="All files">
    <metrics statements="142" coveredstatements="116" conditionals="56" coveredconditionals="45" methods="73" coveredmethods="56" elements="271" coveredelements="217" complexity="0" loc="142" ncloc="142" packages="3" files="12" classes="12"/>
    <package name="src">
      <metrics statements="3" coveredstatements="2" conditionals="4" coveredconditionals="2" methods="2" coveredmethods="1"/>
      <file name="App.tsx" path="C:\Users\btbf5\Quizzer\src\App.tsx">
        <metrics statements="3" coveredstatements="2" conditionals="4" coveredconditionals="2" methods="2" coveredmethods="1"/>
        <line num="8" count="1" type="stmt"/>
        <line num="10" count="1" type="stmt"/>
        <line num="16" count="0" type="stmt"/>
      </file>
    </package>
    <package name="src.interfaces">
      <metrics statements="0" coveredstatements="0" conditionals="0" coveredconditionals="0" methods="0" coveredmethods="0"/>
      <file name="question.ts" path="C:\Users\btbf5\Quizzer\src\interfaces\question.ts">
        <metrics statements="0" coveredstatements="0" conditionals="0" coveredconditionals="0" methods="0" coveredmethods="0"/>
      </file>
      <file name="quiz.ts" path="C:\Users\btbf5\Quizzer\src\interfaces\quiz.ts">
        <metrics statements="0" coveredstatements="0" conditionals="0" coveredconditionals="0" methods="0" coveredmethods="0"/>
      </file>
    </package>
    <package name="src.quizzer">
      <metrics statements="139" coveredstatements="114" conditionals="52" coveredconditionals="43" methods="71" coveredmethods="55"/>
      <file name="AddQuizModal.tsx" path="C:\Users\btbf5\Quizzer\src\quizzer\AddQuizModal.tsx">
        <metrics statements="14" coveredstatements="9" conditionals="0" coveredconditionals="0" methods="5" coveredmethods="2"/>
        <line num="4" count="2" type="stmt"/>
        <line num="15" count="28" type="stmt"/>
        <line num="16" count="28" type="stmt"/>
        <line num="17" count="28" type="stmt"/>
        <line num="18" count="1" type="stmt"/>
        <line num="19" count="1" type="stmt"/>
        <line num="20" count="1" type="stmt"/>
        <line num="21" count="1" type="stmt"/>
        <line num="24" count="28" type="stmt"/>
        <line num="37" count="0" type="stmt"/>
        <line num="46" count="0" type="stmt"/>
        <line num="54" count="0" type="stmt"/>
        <line num="55" count="0" type="stmt"/>
        <line num="56" count="0" type="stmt"/>
      </file>
      <file name="QuestionEdit.tsx" path="C:\Users\btbf5\Quizzer\src\quizzer\QuestionEdit.tsx">
        <metrics statements="30" coveredstatements="14" conditionals="12" coveredconditionals="8" methods="15" coveredmethods="6"/>
        <line num="8" count="2" type="stmt"/>
        <line num="25" count="54" type="stmt"/>
        <line num="26" count="54" type="stmt"/>
        <line num="28" count="54" type="stmt"/>
        <line num="29" count="0" type="stmt"/>
        <line num="31" count="0" type="cond" truecount="0" falsecount="2"/>
        <line num="32" count="0" type="stmt"/>
        <line num="40" count="54" type="stmt"/>
        <line num="41" count="1" type="stmt"/>
        <line num="42" count="1" type="stmt"/>
        <line num="50" count="54" type="stmt"/>
        <line num="51" count="0" type="stmt"/>
        <line num="52" count="0" type="stmt"/>
        <line num="55" count="54" type="stmt"/>
        <line num="59" count="0" type="stmt"/>
        <line num="60" count="0" type="stmt"/>
        <line num="61" count="0" type="stmt"/>
        <line num="68" count="54" type="stmt"/>
        <line num="69" count="0" type="stmt"/>
        <line num="70" count="0" type="stmt"/>
        <line num="71" count="0" type="stmt"/>
        <line num="77" count="54" type="stmt"/>
        <line num="94" count="0" type="stmt"/>
        <line num="167" count="0" type="stmt"/>
        <line num="180" count="78" type="stmt"/>
        <line num="201" count="0" type="stmt"/>
        <line num="219" count="2" type="stmt"/>
        <line num="228" count="0" type="stmt"/>
        <line num="244" count="1" type="stmt"/>
        <line num="253" count="0" type="stmt"/>
      </file>
      <file name="QuizCard.tsx" path="C:\Users\btbf5\Quizzer\src\quizzer\QuizCard.tsx">
        <metrics statements="5" coveredstatements="5" conditionals="5" coveredconditionals="4" methods="3" coveredmethods="3"/>
        <line num="7" count="2" type="stmt"/>
        <line num="13" count="90" type="stmt"/>
        <line num="15" count="356" type="cond" truecount="3" falsecount="0"/>
        <line num="18" count="90" type="stmt"/>
        <line num="24" count="10" type="stmt"/>
      </file>
      <file name="QuizEdit.tsx" path="C:\Users\btbf5\Quizzer\src\quizzer\QuizEdit.tsx">
        <metrics statements="25" coveredstatements="21" conditionals="4" coveredconditionals="4" methods="15" coveredmethods="11"/>
        <line num="9" count="2" type="stmt"/>
        <line num="25" count="13" type="stmt"/>
        <line num="27" count="13" type="stmt"/>
        <line num="28" count="2" type="stmt"/>
        <line num="30" count="8" type="stmt"/>
        <line num="35" count="13" type="stmt"/>
        <line num="36" count="0" type="stmt"/>
        <line num="38" count="0" type="stmt"/>
        <line num="43" count="13" type="stmt"/>
        <line num="44" count="1" type="stmt"/>
        <line num="47" count="13" type="stmt"/>
        <line num="48" count="2" type="stmt"/>
        <line num="52" count="8" type="cond" truecount="2" falsecount="0"/>
        <line num="53" count="6" type="cond" truecount="2" falsecount="0"/>
        <line num="54" count="4" type="stmt"/>
        <line num="60" count="13" type="stmt"/>
        <line num="72" count="0" type="stmt"/>
        <line num="89" count="2" type="stmt"/>
        <line num="102" count="0" type="stmt"/>
        <line num="110" count="54" type="stmt"/>
        <line num="126" count="1" type="stmt"/>
        <line num="152" count="1" type="stmt"/>
        <line num="153" count="1" type="stmt"/>
        <line num="165" count="1" type="stmt"/>
        <line num="166" count="1" type="stmt"/>
      </file>
      <file name="QuizExpanded.tsx" path="C:\Users\btbf5\Quizzer\src\quizzer\QuizExpanded.tsx">
        <metrics statements="25" coveredstatements="25" conditionals="7" coveredconditionals="6" methods="12" coveredmethods="12"/>
        <line num="9" count="2" type="stmt"/>
        <line num="21" count="16" type="stmt"/>
        <line num="23" count="64" type="cond" truecount="3" falsecount="0"/>
        <line num="26" count="16" type="stmt"/>
        <line num="27" count="16" type="stmt"/>
        <line num="31" count="16" type="stmt"/>
        <line num="32" count="2" type="stmt"/>
        <line num="33" count="2" type="stmt"/>
        <line num="34" count="2" type="stmt"/>
        <line num="37" count="16" type="stmt"/>
        <line num="38" count="32" type="stmt"/>
        <line num="42" count="16" type="stmt"/>
        <line num="43" count="2" type="stmt"/>
        <line num="46" count="16" type="stmt"/>
        <line num="47" count="7" type="stmt"/>
        <line num="48" count="7" type="stmt"/>
        <line num="51" count="28" type="stmt"/>
        <line num="55" count="7" type="stmt"/>
        <line num="58" count="16" type="stmt"/>
        <line num="59" count="2" type="stmt"/>
        <line num="63" count="8" type="cond" truecount="2" falsecount="0"/>
        <line num="79" count="16" type="stmt"/>
        <line num="94" count="6" type="stmt"/>
        <line num="95" count="6" type="stmt"/>
        <line num="111" count="32" type="stmt"/>
      </file>
      <file name="QuizList.tsx" path="C:\Users\btbf5\Quizzer\src\quizzer\QuizList.tsx">
        <metrics statements="11" coveredstatements="11" conditionals="4" coveredconditionals="4" methods="5" coveredmethods="5"/>
        <line num="8" count="2" type="stmt"/>
        <line num="19" count="38" type="stmt"/>
        <line num="21" count="38" type="stmt"/>
        <line num="22" count="10" type="stmt"/>
        <line num="25" count="38" type="stmt"/>
        <line num="26" count="1" type="stmt"/>
        <line num="29" count="38" type="stmt"/>
        <line num="34" count="90" type="stmt"/>
        <line num="46" count="190" type="cond" truecount="2" falsecount="0"/>
        <line num="47" count="20" type="stmt"/>
        <line num="57" count="170" type="stmt"/>
      </file>
      <file name="QuizQuestion.tsx" path="C:\Users\btbf5\Quizzer\src\quizzer\QuizQuestion.tsx">
        <metrics statements="10" coveredstatements="10" conditionals="14" coveredconditionals="11" methods="4" coveredmethods="4"/>
        <line num="8" count="2" type="stmt"/>
        <line num="24" count="32" type="stmt"/>
        <line num="25" count="2" type="cond" truecount="1" falsecount="1"/>
        <line num="26" count="2" type="stmt"/>
        <line num="30" count="32" type="stmt"/>
        <line num="31" count="2" type="stmt"/>
        <line num="32" count="2" type="cond" truecount="1" falsecount="1"/>
        <line num="33" count="2" type="stmt"/>
        <line num="37" count="32" type="stmt"/>
        <line num="63" count="48" type="stmt"/>
      </file>
      <file name="QuizView.tsx" path="C:\Users\btbf5\Quizzer\src\quizzer\QuizView.tsx">
        <metrics statements="5" coveredstatements="5" conditionals="4" coveredconditionals="4" methods="2" coveredmethods="2"/>
        <line num="8" count="2" type="stmt"/>
        <line num="19" count="20" type="stmt"/>
        <line num="21" count="20" type="stmt"/>
        <line num="22" count="7" type="stmt"/>
        <line num="25" count="20" type="stmt"/>
      </file>
      <file name="Quizzer.tsx" path="C:\Users\btbf5\Quizzer\src\quizzer\Quizzer.tsx">
        <metrics statements="14" coveredstatements="14" conditionals="2" coveredconditionals="2" methods="10" coveredmethods="10"/>
        <line num="10" count="2" type="stmt"/>
        <line num="11" count="10" type="stmt"/>
        <line num="14" count="40" type="stmt"/>
        <line num="23" count="2" type="stmt"/>
        <line num="24" count="28" type="stmt"/>
        <line num="25" count="28" type="stmt"/>
        <line num="28" count="10" type="stmt"/>
        <line num="29" count="50" type="cond" truecount="2" falsecount="0"/>
        <line num="34" count="1" type="stmt"/>
        <line num="35" count="1" type="stmt"/>
        <line num="39" count="5" type="stmt"/>
        <line num="42" count="28" type="stmt"/>
        <line num="43" count="28" type="stmt"/>
        <line num="45" count="28" type="stmt"/>
      </file>
    </package>
  </project>
</coverage>
