TN:
SF:src\App.tsx
FN:7,App
FN:15,(anonymous_1)
FNF:2
FNH:0
FNDA:0,App
FNDA:0,(anonymous_1)
DA:8,0
DA:10,0
DA:16,0
LF:3
LH:0
BRDA:19,0,0,0
BRDA:19,0,1,0
BRDA:22,1,0,0
BRDA:22,1,1,0
BRF:4
BRH:0
end_of_record
TN:
SF:src\interfaces\question.ts
FNF:0
FNH:0
LF:0
LH:0
BRF:0
BRH:0
end_of_record
TN:
SF:src\interfaces\quiz.ts
FNF:0
FNH:0
LF:0
LH:0
BRF:0
BRH:0
end_of_record
TN:
SF:src\quizzer\AddQuizModal.tsx
FN:4,(anonymous_0)
FN:17,(anonymous_1)
FN:35,(anonymous_2)
FN:44,(anonymous_3)
FN:53,(anonymous_4)
FNF:5
FNH:2
FNDA:27,(anonymous_0)
FNDA:1,(anonymous_1)
FNDA:0,(anonymous_2)
FNDA:0,(anonymous_3)
FNDA:0,(anonymous_4)
DA:4,1
DA:15,27
DA:16,27
DA:17,27
DA:18,1
DA:19,1
DA:20,1
DA:21,1
DA:24,27
DA:37,0
DA:46,0
DA:54,0
DA:55,0
DA:56,0
LF:14
LH:9
BRF:0
BRH:0
end_of_record
TN:
SF:src\quizzer\QuestionEdit.tsx
FN:8,(anonymous_0)
FN:26,(anonymous_1)
FN:28,(anonymous_2)
FN:40,(anonymous_3)
FN:50,(anonymous_4)
FN:55,(anonymous_5)
FN:68,(anonymous_6)
FN:91,(anonymous_7)
FN:164,(anonymous_8)
FN:179,(anonymous_9)
FN:198,(anonymous_10)
FN:218,(anonymous_11)
FN:227,(anonymous_12)
FN:243,(anonymous_13)
FN:252,(anonymous_14)
FNF:15
FNH:6
FNDA:54,(anonymous_0)
FNDA:52,(anonymous_1)
FNDA:0,(anonymous_2)
FNDA:1,(anonymous_3)
FNDA:0,(anonymous_4)
FNDA:0,(anonymous_5)
FNDA:0,(anonymous_6)
FNDA:0,(anonymous_7)
FNDA:0,(anonymous_8)
FNDA:78,(anonymous_9)
FNDA:0,(anonymous_10)
FNDA:2,(anonymous_11)
FNDA:0,(anonymous_12)
FNDA:1,(anonymous_13)
FNDA:0,(anonymous_14)
DA:8,1
DA:25,54
DA:26,54
DA:28,54
DA:29,0
DA:31,0
DA:32,0
DA:40,54
DA:41,1
DA:42,1
DA:50,54
DA:51,0
DA:52,0
DA:55,54
DA:59,0
DA:60,0
DA:61,0
DA:68,54
DA:69,0
DA:70,0
DA:71,0
DA:77,54
DA:94,0
DA:167,0
DA:180,78
DA:201,0
DA:219,2
DA:228,0
DA:244,1
DA:253,0
LF:30
LH:14
BRDA:31,0,0,0
BRDA:31,0,1,0
BRDA:64,1,0,0
BRDA:64,1,1,0
BRDA:113,2,0,13
BRDA:113,2,1,41
BRDA:144,3,0,54
BRDA:144,3,1,26
BRDA:159,4,0,54
BRDA:159,4,1,28
BRDA:175,5,0,54
BRDA:175,5,1,26
BRF:12
BRH:8
end_of_record
TN:
SF:src\quizzer\QuizCard.tsx
FN:7,(anonymous_0)
FN:14,(anonymous_1)
FN:23,(anonymous_2)
FNF:3
FNH:3
FNDA:85,(anonymous_0)
FNDA:336,(anonymous_1)
FNDA:10,(anonymous_2)
DA:7,1
DA:13,85
DA:15,336
DA:18,85
DA:24,10
LF:5
LH:5
BRDA:15,0,0,336
BRDA:15,0,1,285
BRDA:15,0,2,151
BRDA:31,1,0,85
BRDA:31,1,1,0
BRF:5
BRH:4
end_of_record
TN:
SF:src\quizzer\QuizEdit.tsx
FN:9,(anonymous_0)
FN:27,(anonymous_1)
FN:30,(anonymous_2)
FN:35,(anonymous_3)
FN:38,(anonymous_4)
FN:43,(anonymous_5)
FN:47,(anonymous_6)
FN:51,(anonymous_7)
FN:69,(anonymous_8)
FN:86,(anonymous_9)
FN:101,(anonymous_10)
FN:109,(anonymous_11)
FN:125,(anonymous_12)
FN:151,(anonymous_13)
FN:164,(anonymous_14)
FNF:15
FNH:11
FNDA:13,(anonymous_0)
FNDA:2,(anonymous_1)
FNDA:8,(anonymous_2)
FNDA:0,(anonymous_3)
FNDA:0,(anonymous_4)
FNDA:1,(anonymous_5)
FNDA:2,(anonymous_6)
FNDA:8,(anonymous_7)
FNDA:0,(anonymous_8)
FNDA:2,(anonymous_9)
FNDA:0,(anonymous_10)
FNDA:54,(anonymous_11)
FNDA:1,(anonymous_12)
FNDA:1,(anonymous_13)
FNDA:1,(anonymous_14)
DA:9,1
DA:25,13
DA:27,13
DA:28,2
DA:30,8
DA:35,13
DA:36,0
DA:38,0
DA:43,13
DA:44,1
DA:47,13
DA:48,2
DA:52,8
DA:53,6
DA:54,4
DA:60,13
DA:72,0
DA:89,2
DA:102,0
DA:110,54
DA:126,1
DA:152,1
DA:153,1
DA:165,1
DA:166,1
LF:25
LH:21
BRDA:52,0,0,2
BRDA:52,0,1,6
BRDA:53,1,0,2
BRDA:53,1,1,4
BRF:4
BRH:4
end_of_record
TN:
SF:src\quizzer\QuizExpanded.tsx
FN:9,(anonymous_0)
FN:22,(anonymous_1)
FN:31,(anonymous_2)
FN:38,(anonymous_3)
FN:42,(anonymous_4)
FN:43,(anonymous_5)
FN:46,(anonymous_6)
FN:51,(anonymous_7)
FN:58,(anonymous_8)
FN:62,(anonymous_9)
FN:93,(anonymous_10)
FN:110,(anonymous_11)
FNF:12
FNH:12
FNDA:16,(anonymous_0)
FNDA:64,(anonymous_1)
FNDA:2,(anonymous_2)
FNDA:32,(anonymous_3)
FNDA:2,(anonymous_4)
FNDA:2,(anonymous_5)
FNDA:7,(anonymous_6)
FNDA:28,(anonymous_7)
FNDA:2,(anonymous_8)
FNDA:8,(anonymous_9)
FNDA:6,(anonymous_10)
FNDA:32,(anonymous_11)
DA:9,1
DA:21,16
DA:23,64
DA:26,16
DA:27,16
DA:31,16
DA:32,2
DA:33,2
DA:34,2
DA:37,16
DA:38,32
DA:42,16
DA:43,2
DA:46,16
DA:47,7
DA:48,7
DA:51,28
DA:55,7
DA:58,16
DA:59,2
DA:63,8
DA:79,16
DA:94,6
DA:95,6
DA:111,32
LF:25
LH:25
BRDA:23,0,0,64
BRDA:23,0,1,64
BRDA:23,0,2,32
BRDA:63,1,0,2
BRDA:63,1,1,6
BRDA:86,2,0,16
BRDA:86,2,1,0
BRF:7
BRH:6
end_of_record
TN:
SF:src\quizzer\QuizList.tsx
FN:8,(anonymous_0)
FN:21,(anonymous_1)
FN:25,(anonymous_2)
FN:33,(anonymous_3)
FN:45,(anonymous_4)
FNF:5
FNH:5
FNDA:37,(anonymous_0)
FNDA:10,(anonymous_1)
FNDA:1,(anonymous_2)
FNDA:85,(anonymous_3)
FNDA:185,(anonymous_4)
DA:8,1
DA:19,37
DA:21,37
DA:22,10
DA:25,37
DA:26,1
DA:29,37
DA:34,85
DA:46,185
DA:47,20
DA:57,165
LF:11
LH:11
BRDA:31,0,0,37
BRDA:31,0,1,17
BRDA:46,1,0,20
BRDA:46,1,1,165
BRF:4
BRH:4
end_of_record
TN:
SF:src\quizzer\QuizQuestion.tsx
FN:8,(anonymous_0)
FN:24,(anonymous_1)
FN:30,(anonymous_2)
FN:62,(anonymous_3)
FNF:4
FNH:4
FNDA:32,(anonymous_0)
FNDA:2,(anonymous_1)
FNDA:2,(anonymous_2)
FNDA:48,(anonymous_3)
DA:8,1
DA:24,32
DA:25,2
DA:26,2
DA:30,32
DA:31,2
DA:32,2
DA:33,2
DA:37,32
DA:63,48
LF:10
LH:10
BRDA:25,0,0,2
BRDA:25,0,1,0
BRDA:32,1,0,2
BRDA:32,1,1,0
BRDA:46,2,0,0
BRDA:46,2,1,32
BRDA:50,3,0,32
BRDA:50,3,1,16
BRDA:59,4,0,32
BRDA:59,4,1,16
BRDA:77,5,0,2
BRDA:77,5,1,30
BRDA:78,6,0,4
BRDA:78,6,1,28
BRF:14
BRH:11
end_of_record
TN:
SF:src\quizzer\QuizView.tsx
FN:8,(anonymous_0)
FN:21,(anonymous_1)
FNF:2
FNH:2
FNDA:20,(anonymous_0)
FNDA:7,(anonymous_1)
DA:8,1
DA:19,20
DA:21,20
DA:22,7
DA:25,20
LF:5
LH:5
BRDA:27,0,0,20
BRDA:27,0,1,6
BRDA:36,1,0,20
BRDA:36,1,1,14
BRF:4
BRH:4
end_of_record
TN:
SF:src\quizzer\Quizzer.tsx
FN:11,(anonymous_0)
FN:14,(anonymous_1)
FN:23,(anonymous_2)
FN:27,editQuiz
FN:29,(anonymous_4)
FN:33,addQuiz
FN:38,deleteQuiz
FN:39,(anonymous_7)
FN:42,(anonymous_8)
FN:43,(anonymous_9)
FNF:10
FNH:10
FNDA:5,(anonymous_0)
FNDA:20,(anonymous_1)
FNDA:27,(anonymous_2)
FNDA:10,editQuiz
FNDA:50,(anonymous_4)
FNDA:1,addQuiz
FNDA:1,deleteQuiz
FNDA:5,(anonymous_7)
FNDA:1,(anonymous_8)
FNDA:1,(anonymous_9)
DA:10,1
DA:11,5
DA:14,20
DA:23,1
DA:24,27
DA:25,27
DA:28,10
DA:29,50
DA:34,1
DA:35,1
DA:39,5
DA:42,27
DA:43,27
DA:45,27
LF:14
LH:14
BRDA:29,0,0,10
BRDA:29,0,1,40
BRF:2
BRH:2
end_of_record
